<?xml version="1.0" encoding="UTF-8"?>
<testng-results ignored="0" total="1" passed="1" failed="0" skipped="0">
  <reporter-output>
  </reporter-output>
  <suite started-at="2018-10-31T04:29:37Z" name="Suite" finished-at="2018-10-31T04:30:10Z" duration-ms="33209">
    <groups>
    </groups>
    <test started-at="2018-10-31T04:29:37Z" name="Test" finished-at="2018-10-31T04:30:10Z" duration-ms="33209">
      <class name="Test123.test456.Base">
        <test-method signature="testing()[pri:0, instance:Test123.test456.Base@1ed6388a]" started-at="2018-10-31T04:29:42Z" name="testing" finished-at="2018-10-31T04:30:10Z" duration-ms="27028" status="PASS">
          <reporter-output>
          </reporter-output>
        </test-method> <!-- testing -->
      </class> <!-- Test123.test456.Base -->
    </test> <!-- Test -->
  </suite> <!-- Suite -->
</testng-results>
